10:51:34.279 [main]  INFO  com.smart.socket.SmartgbApplication - Starting SmartgbApplication on DESKTOP-E2I46F7 with PID 20476 (D:\neon-workspace\smartgbApi\target\classes started by XingPanST in D:\neon-workspace\smartgbApi)
10:51:34.281 [main]  INFO  com.smart.socket.SmartgbApplication - No active profile set, falling back to default profiles: default
10:51:34.369 [main]  INFO  o.s.boot.web.servlet.context.AnnotationConfigServletWebServerApplicationContext - Refreshing org.springframework.boot.web.servlet.context.AnnotationConfigServletWebServerApplicationContext@6973b51b: startup date [Thu Jun 06 10:51:34 CST 2019]; root of context hierarchy
10:51:36.844 [main]  INFO  o.springframework.beans.factory.annotation.AutowiredAnnotationBeanPostProcessor - JSR-330 'javax.inject.Inject' annotation found and supported for autowiring
10:51:39.404 [main]  INFO  org.springframework.boot.web.embedded.tomcat.TomcatWebServer - Tomcat initialized with port(s): 8088 (http)
10:51:39.453 [main]  INFO  org.apache.coyote.http11.Http11NioProtocol - Initializing ProtocolHandler ["http-nio-8088"]
10:51:39.464 [main]  INFO  org.apache.catalina.core.StandardService - Starting service [Tomcat]
10:51:39.464 [main]  INFO  org.apache.catalina.core.StandardEngine - Starting Servlet Engine: Apache Tomcat/8.5.31
10:51:39.472 [localhost-startStop-1] INFO  org.apache.catalina.core.AprLifecycleListener - The APR based Apache Tomcat Native library which allows optimal performance in production environments was not found on the java.library.path: [C:\Program Files\Java\jdk1.8.0_172\bin;C:\WINDOWS\Sun\Java\bin;C:\WINDOWS\system32;C:\WINDOWS;C:/Program Files/Java/jdk1.8.0_172/bin/../jre/bin/server;C:/Program Files/Java/jdk1.8.0_172/bin/../jre/bin;C:/Program Files/Java/jdk1.8.0_172/bin/../jre/lib/amd64;C:\Program Files (x86)\Fortify Software\Fortify SCA 5.1\bin;E:\app\XingPanST\product\11.2.0\dbhome_2\bin;C:\Program Files (x86)\Common Files\Oracle\Java\javapath;C:\WINDOWS\system32;C:\WINDOWS;C:\WINDOWS\System32\Wbem;C:\WINDOWS\System32\WindowsPowerShell\v1.0\;C:\Program Files\Intel\WiFi\bin\;C:\Program Files\Common Files\Intel\WirelessCommon\;D:\gradle-4.9-bin\gradle-4.9\bin;C:\WINDOWS\System32\OpenSSH\;D:\lib\apache-maven-3.5.4\bin;C:\Program Files\Java\jdk1.8.0_172\bin;C:\Program Files\Java\jdk1.8.0_172\jre\bin;D:\Program Files\TortoiseSVN\bin;D:\apache-ant-1.9.13-bin\apache-ant-1.9.13\bin;D:\findbugs-3.0.1\bin;C:\strawberry\c\bin;C:\strawberry\perl\bin;D:\Program Files\nodejs\;C:\Program Files (x86)\Microsoft SQL Server\90\Tools\binn\;C:\Program Files\VisualSVN Server\bin;C:\Users\XingPanST\AppData\Local\Microsoft\WindowsApps;D:\SSH Communications Security\SSH Secure Shell;C:\Users\XingPanST\AppData\Local\Microsoft\WindowsApps;C:\Users\XingPanST\AppData\Roaming\npm;D:\eclipse\jee-2018-09\eclipse;;.]
10:51:39.592 [localhost-startStop-1] INFO  org.apache.catalina.core.ContainerBase.[Tomcat].[localhost].[/] - Initializing Spring embedded WebApplicationContext
10:51:39.592 [localhost-startStop-1] INFO  org.springframework.web.context.ContextLoader - Root WebApplicationContext: initialization completed in 5223 ms
10:51:39.758 [localhost-startStop-1] INFO  org.springframework.boot.web.servlet.ServletRegistrationBean - Servlet dispatcherServlet mapped to [/]
10:51:39.777 [localhost-startStop-1] INFO  org.springframework.boot.web.servlet.FilterRegistrationBean - Mapping filter: 'characterEncodingFilter' to: [/*]
10:51:39.777 [localhost-startStop-1] INFO  org.springframework.boot.web.servlet.FilterRegistrationBean - Mapping filter: 'hiddenHttpMethodFilter' to: [/*]
10:51:39.777 [localhost-startStop-1] INFO  org.springframework.boot.web.servlet.FilterRegistrationBean - Mapping filter: 'httpPutFormContentFilter' to: [/*]
10:51:39.777 [localhost-startStop-1] INFO  org.springframework.boot.web.servlet.FilterRegistrationBean - Mapping filter: 'requestContextFilter' to: [/*]
10:51:40.453 [main]  INFO  org.springframework.scheduling.concurrent.ThreadPoolTaskExecutor - Initializing ExecutorService 
10:51:40.456 [main]  INFO  org.springframework.scheduling.concurrent.ThreadPoolTaskExecutor - Initializing ExecutorService  'initTaskAsyncPool'
10:51:40.464 [main]  INFO  org.springframework.scheduling.concurrent.ThreadPoolTaskScheduler - Initializing ExecutorService  'initSchedulingTaskExecutor'
10:51:40.584 [main]  INFO  org.springframework.web.servlet.handler.SimpleUrlHandlerMapping - Mapped URL path [/**/favicon.ico] onto handler of type [class org.springframework.web.servlet.resource.ResourceHttpRequestHandler]
10:51:40.856 [main]  INFO  o.springframework.web.servlet.mvc.method.annotation.RequestMappingHandlerAdapter - Looking for @ControllerAdvice: org.springframework.boot.web.servlet.context.AnnotationConfigServletWebServerApplicationContext@6973b51b: startup date [Thu Jun 06 10:51:34 CST 2019]; root of context hierarchy
10:51:41.195 [main]  INFO  o.springframework.web.servlet.mvc.method.annotation.RequestMappingHandlerMapping - Mapped "{[/garbagebin/monitor],methods=[GET]}" onto public java.util.List<com.smart.socket.bean.domain.GarbageBinInfo> com.smart.socket.controller.GarbageBinController.monitor()
10:51:41.196 [main]  INFO  o.springframework.web.servlet.mvc.method.annotation.RequestMappingHandlerMapping - Mapped "{[/garbagebin/testAll],methods=[GET]}" onto public int com.smart.socket.controller.GarbageBinController.testAll()
10:51:41.196 [main]  INFO  o.springframework.web.servlet.mvc.method.annotation.RequestMappingHandlerMapping - Mapped "{[/garbagebin/testUpdate],methods=[GET]}" onto public int com.smart.socket.controller.GarbageBinController.testUpdate()
10:51:41.197 [main]  INFO  o.springframework.web.servlet.mvc.method.annotation.RequestMappingHandlerMapping - Mapped "{[/driver/logout/{name}],methods=[GET]}" onto public java.lang.String com.smart.socket.controller.OcrDriverController.logout(java.lang.String)
10:51:41.197 [main]  INFO  o.springframework.web.servlet.mvc.method.annotation.RequestMappingHandlerMapping - Mapped "{[/driver/login],methods=[POST]}" onto public java.lang.String com.smart.socket.controller.OcrDriverController.login(java.util.Map<java.lang.String, java.lang.Object>)
10:51:41.198 [main]  INFO  o.springframework.web.servlet.mvc.method.annotation.RequestMappingHandlerMapping - Mapped "{[/pushMsg/list],methods=[GET]}" onto public java.util.List<com.smart.socket.bean.domain.PushMessage> com.smart.socket.controller.PushMessageController.listMsg()
10:51:41.200 [main]  INFO  o.springframework.web.servlet.mvc.method.annotation.RequestMappingHandlerMapping - Mapped "{[/error]}" onto public org.springframework.http.ResponseEntity<java.util.Map<java.lang.String, java.lang.Object>> org.springframework.boot.autoconfigure.web.servlet.error.BasicErrorController.error(javax.servlet.http.HttpServletRequest)
10:51:41.200 [main]  INFO  o.springframework.web.servlet.mvc.method.annotation.RequestMappingHandlerMapping - Mapped "{[/error],produces=[text/html]}" onto public org.springframework.web.servlet.ModelAndView org.springframework.boot.autoconfigure.web.servlet.error.BasicErrorController.errorHtml(javax.servlet.http.HttpServletRequest,javax.servlet.http.HttpServletResponse)
10:51:41.223 [main]  INFO  org.springframework.web.servlet.handler.SimpleUrlHandlerMapping - Mapped URL path [/webjars/**] onto handler of type [class org.springframework.web.servlet.resource.ResourceHttpRequestHandler]
10:51:41.224 [main]  INFO  org.springframework.web.servlet.handler.SimpleUrlHandlerMapping - Mapped URL path [/**] onto handler of type [class org.springframework.web.servlet.resource.ResourceHttpRequestHandler]
10:51:41.595 [main]  INFO  org.springframework.jmx.export.annotation.AnnotationMBeanExporter - Registering beans for JMX exposure on startup
10:51:41.596 [main]  INFO  org.springframework.jmx.export.annotation.AnnotationMBeanExporter - Bean with name 'dataSource' has been autodetected for JMX exposure
10:51:41.599 [main]  INFO  org.springframework.jmx.export.annotation.AnnotationMBeanExporter - Located MBean 'dataSource': registering with JMX server as MBean [com.alibaba.druid.pool:name=dataSource,type=DruidDataSource]
10:51:41.693 [main]  INFO  org.apache.coyote.http11.Http11NioProtocol - Starting ProtocolHandler ["http-nio-8088"]
10:51:41.820 [main]  INFO  org.apache.tomcat.util.net.NioSelectorPool - Using a shared selector for servlet write/read
10:51:41.850 [main]  INFO  org.springframework.boot.web.embedded.tomcat.TomcatWebServer - Tomcat started on port(s): 8088 (http) with context path ''
10:51:41.853 [main]  INFO  com.smart.socket.SmartgbApplication - Started SmartgbApplication in 8.062 seconds (JVM running for 8.98)
10:51:41.857 [main]  INFO  com.smart.socket.api.GarbageBinApiServer - Socket server starting ··· 
10:51:42.660 [nioEventLoopGroup-0-0] INFO  io.netty.handler.logging.LoggingHandler - [id: 0xd6095d6c] REGISTERED
10:51:42.662 [nioEventLoopGroup-0-0] INFO  io.netty.handler.logging.LoggingHandler - [id: 0xd6095d6c] BIND: 0.0.0.0/0.0.0.0:9091
10:51:42.663 [nioEventLoopGroup-0-0] INFO  io.netty.handler.logging.LoggingHandler - [id: 0xd6095d6c, /0:0:0:0:0:0:0:0:9091] ACTIVE
10:51:42.663 [nioEventLoopGroup-0-1] INFO  io.netty.handler.logging.LoggingHandler - [id: 0xfe8f86ae] REGISTERED
10:51:42.664 [nioEventLoopGroup-0-1] INFO  io.netty.handler.logging.LoggingHandler - [id: 0xfe8f86ae] BIND: 0.0.0.0/0.0.0.0:9092
10:51:42.664 [nioEventLoopGroup-0-1] INFO  io.netty.handler.logging.LoggingHandler - [id: 0xfe8f86ae, /0:0:0:0:0:0:0:0:9092] ACTIVE
